(CISCO) stack@osp-director:~$ date && openstack server create --security-group CISCO-SECURITY-GROUP --flavor small --image cirros --nic net-id=CISCO-NET10 CISCO-SERVER          
Thu Apr 30 10:00:26 CEST 2020
+-------------------------------------+-----------------------------------------------+
| Field                               | Value                                         |
+-------------------------------------+-----------------------------------------------+
| OS-DCF:diskConfig                   | MANUAL                                        |
| OS-EXT-AZ:availability_zone         |                                               |
| OS-EXT-SRV-ATTR:host                | None                                          |
| OS-EXT-SRV-ATTR:hypervisor_hostname | None                                          |
| OS-EXT-SRV-ATTR:instance_name       |                                               |
| OS-EXT-STS:power_state              | NOSTATE                                       |
| OS-EXT-STS:task_state               | scheduling                                    |
| OS-EXT-STS:vm_state                 | building                                      |
| OS-SRV-USG:launched_at              | None                                          |
| OS-SRV-USG:terminated_at            | None                                          |
| accessIPv4                          |                                               |
| accessIPv6                          |                                               |
| addresses                           |                                               |
| adminPass                           | qYyt6CApXA7P                                  |
| config_drive                        |                                               |
| created                             | 2020-04-30T08:01:34Z                          |
| flavor                              | small (50b20797-dafc-4f53-9748-43d5f96f16aa)  |
| hostId                              |                                               |
| id                                  | eee5ccd0-415f-4524-a930-aeb922f9a6e4          |
| image                               | cirros (afa0fde6-928e-44b8-83fd-62b94760917a) |
| key_name                            | None                                          |
| name                                | CISCO-SERVER                                  |
| progress                            | 0                                             |
| project_id                          | 24e910fc840546dbaa3673824e893238              |
| properties                          |                                               |
| security_groups                     | name='c8524aa9-1f62-4a54-8397-06783b4b13fa'   |
| status                              | BUILD                                         |
| updated                             | 2020-04-30T08:01:34Z                          |
| user_id                             | 5f39d34a51e24fe69dd7874223075cd2              |
| volumes_attached                    |                                               |
+-------------------------------------+-----------------------------------------------+
(CISCO) stack@osp-director:~$ openstack server show CISCO-SERVER
+-------------------------------------+----------------------------------------------------------+
| Field                               | Value                                                    |
+-------------------------------------+----------------------------------------------------------+
| OS-DCF:diskConfig                   | MANUAL                                                   |
| OS-EXT-AZ:availability_zone         | nova                                                     |
| OS-EXT-SRV-ATTR:host                | overcloud-novacompute-0.localdomain                      |
| OS-EXT-SRV-ATTR:hypervisor_hostname | overcloud-novacompute-0.localdomain                      |
| OS-EXT-SRV-ATTR:instance_name       | instance-00000002                                        |
| OS-EXT-STS:power_state              | Running                                                  |
| OS-EXT-STS:task_state               | None                                                     |
| OS-EXT-STS:vm_state                 | active                                                   |
| OS-SRV-USG:launched_at              | 2020-04-30T08:01:50.000000                               |
| OS-SRV-USG:terminated_at            | None                                                     |
| accessIPv4                          |                                                          |
| accessIPv6                          |                                                          |
| addresses                           | CISCO-NET10=10.0.0.11                                    |
| config_drive                        |                                                          |
| created                             | 2020-04-30T08:01:34Z                                     |
| flavor                              | small (50b20797-dafc-4f53-9748-43d5f96f16aa)             |
| hostId                              | e9baa954dcb4e970f0b303bbc4ab661bbdc807876e9d987b66ad896c |
| id                                  | eee5ccd0-415f-4524-a930-aeb922f9a6e4                     |
| image                               | cirros (afa0fde6-928e-44b8-83fd-62b94760917a)            |
| key_name                            | None                                                     |
| name                                | CISCO-SERVER                                             |
| progress                            | 0                                                        |
| project_id                          | 24e910fc840546dbaa3673824e893238                         |
| properties                          |                                                          |
| security_groups                     | name='CISCO-SECURITY-GROUP'                              |
| status                              | ACTIVE                                                   |
| updated                             | 2020-04-30T08:01:50Z                                     |
| user_id                             | 5f39d34a51e24fe69dd7874223075cd2                         |
| volumes_attached                    |                                                          |
+-------------------------------------+----------------------------------------------------------+
(CISCO) stack@osp-director:~$ openstack port list
+--------------------------------------+------+-------------------+--------------------------------------------------------------------------+--------+
| ID                                   | Name | MAC Address       | Fixed IP Addresses                                                       | Status |
+--------------------------------------+------+-------------------+--------------------------------------------------------------------------+--------+
| 41e5150f-baa0-4be0-8333-3f4724164bf7 |      | fa:16:3e:0f:b9:b0 | ip_address='10.0.0.11', subnet_id='b1b93b97-9eeb-409c-a631-ed946f9bf4de' | ACTIVE |
| 4e519e8d-bfbf-42c0-905e-e449b7a88e62 |      | fa:16:3e:f3:9d:b9 | ip_address='10.0.0.2', subnet_id='b1b93b97-9eeb-409c-a631-ed946f9bf4de'  | ACTIVE |
+--------------------------------------+------+-------------------+--------------------------------------------------------------------------+--------+
(CISCO) stack@osp-director:~$ openstack network list
+--------------------------------------+----------------+----------------------------------------------------------------------------+
| ID                                   | Name           | Subnets                                                                    |
+--------------------------------------+----------------+----------------------------------------------------------------------------+
| c814173b-bd4a-4a27-a08f-8938b0c2981a | CISCO-NET10    | b1b93b97-9eeb-409c-a631-ed946f9bf4de                                       |
| e63d4d8a-ded6-49c3-bb54-8e784f878187 | L3OUT_AIBARRIO | 98f76d2b-9542-4840-a66b-7a5acc6a045b, eccb5b57-3268-44fd-9008-79c29cae0eec |
+--------------------------------------+----------------+----------------------------------------------------------------------------+
(CISCO) stack@osp-director:~$ openstack subnet list
+--------------------------------------+----------------+--------------------------------------+-------------+
| ID                                   | Name           | Network                              | Subnet      |
+--------------------------------------+----------------+--------------------------------------+-------------+
| 98f76d2b-9542-4840-a66b-7a5acc6a045b | FIP            | e63d4d8a-ded6-49c3-bb54-8e784f878187 | 1.2.7.0/24  |
| b1b93b97-9eeb-409c-a631-ed946f9bf4de | CISCO-SUBNET10 | c814173b-bd4a-4a27-a08f-8938b0c2981a | 10.0.0.0/24 |
| eccb5b57-3268-44fd-9008-79c29cae0eec | SNAT           | e63d4d8a-ded6-49c3-bb54-8e784f878187 | 1.2.6.0/24  |
+--------------------------------------+----------------+--------------------------------------+-------------+
(CISCO) stack@osp-director:~$ openstack router list
+--------------------------------------+--------------+--------+-------+-------------+-------+----------------------------------+
| ID                                   | Name         | Status | State | Distributed | HA    | Project                          |
+--------------------------------------+--------------+--------+-------+-------------+-------+----------------------------------+
| 26902ae4-cb47-42fa-82a9-f338798332c2 | CISCO-ROUTER | ACTIVE | UP    | False       | False | 24e910fc840546dbaa3673824e893238 |
+--------------------------------------+--------------+--------+-------+-------------+-------+----------------------------------+
(CISCO) stack@osp-director:~$
